{
  "RSpec": {
    "coverage": {
      "/Users/erinstevenson/Documents/Makers/week4/day1/bookmark_manager/spec/bookmark_spec.rb": [
        1,
        null,
        1,
        1,
        1,
        1,
        null,
        1,
        1,
        1,
        1,
        null,
        null,
        null
      ],
      "/Users/erinstevenson/Documents/Makers/week4/day1/bookmark_manager/spec/features/bookmark_spec.rb": [
        1,
        1,
        1,
        null,
        1,
        1,
        1,
        1,
        1,
        1,
        null,
        null
      ],
      "/Users/erinstevenson/Documents/Makers/week4/day1/bookmark_manager/spec/features/index_spec.rb": [
        1,
        1,
        1,
        1,
        null,
        null
      ]
    },
    "timestamp": 1548771687
  }
}
